<?xml version="1.0" encoding="UTF-8"?>
<testsuite name="Prueba de servicios en bloque User" tests="1" skipped="0" failures="0" errors="0" timestamp="2022-03-05T16:05:04" hostname="SQABOG-SQA2022" time="5.355">
  <properties/>
  <testcase name="Creacion, consulta y eliminacion de usuario" classname="Prueba de servicios en bloque User" time="5.355"/>
  <system-out><![CDATA[<?xml version="1.0" encoding="UTF-8" standalone="yes"?><apiResponse><type>unknown</type></apiResponse>
<?xml version="1.0" encoding="UTF-8" standalone="yes"?><apiResponse><type>unknown</type></apiResponse>

<?xml version="1.0" encoding="UTF-8" standalone="yes"?><apiResponse><type>unknown</type></apiResponse>
]]></system-out>
  <system-err><![CDATA[]]></system-err>
</testsuite>
